<?xml version="1.0" encoding="UTF-8"?>
<!-- Generated by org.testng.reporters.JUnitReportReporter -->
<testsuite skipped="0" hostname="Akash" name="applocator.Sample1" tests="2" failures="0" timestamp="16 Jun 2017 18:43:31 GMT" time="208.129" errors="0">
  <testcase name="vlogin" time="76.481" classname="applocator.Sample1"/>
  <testcase name="login" time="131.648" classname="applocator.Sample1"/>
</testsuite> <!-- applocator.Sample1 -->
