<?xml version="1.0" encoding="UTF-8"?>
<!-- Generated by org.testng.reporters.JUnitReportReporter -->
<testsuite skipped="0" hostname="gajendra-PC" name="testscript.Loginscript" tests="4" failures="0" timestamp="21 Jun 2017 04:55:11 GMT" time="70.079" errors="0">
  <testcase name="vlogin" time="20.421" classname="testscript.Loginscript"/>
  <testcase name="vlogin" time="8.682" classname="testscript.Loginscript"/>
  <testcase name="vlogin" time="20.534" classname="testscript.Loginscript"/>
  <testcase name="vlogin" time="20.442" classname="testscript.Loginscript"/>
</testsuite> <!-- testscript.Loginscript -->
